<?xml version="1.0" encoding="UTF-8"?>
<TestRun id="6e359001-7bd8-476d-8d2a-cb6422b124e5" name="Jleyva@JLEYVA-TOSH 2011-12-05 17:52:54" runUser="Jleyva-TOSH\Jleyva" xmlns="http://microsoft.com/schemas/VisualStudio/TeamTest/2010">
  <TestSettings name="Default Test Settings" id="220d4a58-c3f7-431f-8ac0-2660a86f9c2c">
    <Deployment runDeploymentRoot="Jleyva_JLEYVA-TOSH 2011-12-05 17_52_54">
      <DeploymentItem filename="D:\John\ConfigIt\ConfigIT.Recruitment.OOPTask\src\ConfigIt.DesertRace.Entities\bin\Debug\ConfigIt.DesertRace.Entities.dll" />
    </Deployment>
    <Execution>
      <TestTypeSpecific />
      <AgentRule name="Execution Agents">
      </AgentRule>
    </Execution>
  </TestSettings>
  <Times creation="2011-12-05T17:52:54.9027920+00:00" queuing="2011-12-05T17:52:57.2689273+00:00" start="2011-12-05T17:52:57.6299480+00:00" finish="2011-12-05T17:53:04.2363258+00:00" />
  <ResultSummary outcome="Completed">
    <Counters total="1" executed="1" passed="1" error="0" failed="0" timeout="0" aborted="0" inconclusive="0" passedButRunAborted="0" notRunnable="0" notExecuted="0" disconnected="0" warning="0" completed="0" inProgress="0" pending="0" />
  </ResultSummary>
  <TestDefinitions>
    <UnitTest name="PlayGameTest_Case_1" storage="d:\john\configit\configit.recruitment.ooptask\src\configit.desertrace.test\bin\debug\jleyva.robotwars.test.dll" id="18137760-fe3f-202c-8762-2528f8d2e4ce">
      <Execution id="56e7dd73-2063-411b-9fa0-3fb0bcb4fe38" />
      <TestMethod codeBase="D:/John/ConfigIt/ConfigIT.Recruitment.OOPTask/src/ConfigIt.DesertRace.Test/bin/Debug/JLeyva.RobotWars.Test.DLL" adapterTypeName="Microsoft.VisualStudio.TestTools.TestTypes.Unit.UnitTestAdapter, Microsoft.VisualStudio.QualityTools.Tips.UnitTest.Adapter, Version=10.0.0.0, Culture=neutral, PublicKeyToken=b03f5f7f11d50a3a" className="ConfigIt.DesertRace.Test.GameTest, JLeyva.RobotWars.Test, Version=1.0.0.0, Culture=neutral, PublicKeyToken=null" name="PlayGameTest_Case_1" />
    </UnitTest>
  </TestDefinitions>
  <TestLists>
    <TestList name="Results Not in a List" id="8c84fa94-04c1-424b-9868-57a2d4851a1d" />
    <TestList name="All Loaded Results" id="19431567-8539-422a-85d7-44ee4e166bda" />
  </TestLists>
  <TestEntries>
    <TestEntry testId="18137760-fe3f-202c-8762-2528f8d2e4ce" executionId="56e7dd73-2063-411b-9fa0-3fb0bcb4fe38" testListId="8c84fa94-04c1-424b-9868-57a2d4851a1d" />
  </TestEntries>
  <Results>
    <UnitTestResult executionId="56e7dd73-2063-411b-9fa0-3fb0bcb4fe38" testId="18137760-fe3f-202c-8762-2528f8d2e4ce" testName="PlayGameTest_Case_1" computerName="JLEYVA-TOSH" duration="00:00:03.8874576" startTime="2011-12-05T17:52:57.9199646+00:00" endTime="2011-12-05T17:53:04.1463207+00:00" testType="13cdc9d9-ddb5-4fa4-a97d-d965ccfc6d4b" outcome="Passed" testListId="8c84fa94-04c1-424b-9868-57a2d4851a1d" relativeResultsDirectory="56e7dd73-2063-411b-9fa0-3fb0bcb4fe38">
    </UnitTestResult>
  </Results>
</TestRun>