<?xml version="1.0" encoding="UTF-8"?>
<TestRun id="376b8bdf-99f2-4816-8a31-44d96c3f8f3d" name="Jleyva@JLEYVA-TOSH 2011-12-05 17:57:34" runUser="Jleyva-TOSH\Jleyva" xmlns="http://microsoft.com/schemas/VisualStudio/TeamTest/2010">
  <TestSettings name="Default Test Settings" id="85f4b145-25cb-4f0f-809b-eb995d7147b7">
    <Deployment runDeploymentRoot="Jleyva_JLEYVA-TOSH 2011-12-05 17_57_34">
      <DeploymentItem filename="D:\John\ConfigIt\ConfigIT.Recruitment.OOPTask\src\ConfigIt.DesertRace.Entities\bin\Debug\ConfigIt.DesertRace.Entities.dll" />
    </Deployment>
    <Execution>
      <TestTypeSpecific />
      <AgentRule name="Execution Agents">
      </AgentRule>
    </Execution>
  </TestSettings>
  <Times creation="2011-12-05T17:57:34.6117904+00:00" queuing="2011-12-05T17:57:35.1328202+00:00" start="2011-12-05T17:57:35.1398206+00:00" finish="2011-12-05T17:57:35.9168651+00:00" />
  <ResultSummary outcome="Failed">
    <Counters total="1" executed="1" error="0" failed="1" timeout="0" aborted="0" inconclusive="0" passedButRunAborted="0" notRunnable="0" notExecuted="0" disconnected="0" warning="0" passed="0" completed="0" inProgress="0" pending="0" />
  </ResultSummary>
  <TestDefinitions>
    <UnitTest name="PlayGameTest_Case_2" storage="d:\john\configit\configit.recruitment.ooptask\src\configit.desertrace.test\bin\debug\jleyva.robotwars.test.dll" id="5519aed1-5ae7-a693-060c-dd4ba0fb1c0a">
      <Execution id="8d1375f5-81b0-4e01-8fea-4555a4fa26e6" />
      <TestMethod codeBase="D:/John/ConfigIt/ConfigIT.Recruitment.OOPTask/src/ConfigIt.DesertRace.Test/bin/Debug/JLeyva.RobotWars.Test.DLL" adapterTypeName="Microsoft.VisualStudio.TestTools.TestTypes.Unit.UnitTestAdapter, Microsoft.VisualStudio.QualityTools.Tips.UnitTest.Adapter, Version=10.0.0.0, Culture=neutral, PublicKeyToken=b03f5f7f11d50a3a" className="ConfigIt.DesertRace.Test.GameTest, JLeyva.RobotWars.Test, Version=1.0.0.0, Culture=neutral, PublicKeyToken=null" name="PlayGameTest_Case_2" />
    </UnitTest>
  </TestDefinitions>
  <TestLists>
    <TestList name="Results Not in a List" id="8c84fa94-04c1-424b-9868-57a2d4851a1d" />
    <TestList name="All Loaded Results" id="19431567-8539-422a-85d7-44ee4e166bda" />
  </TestLists>
  <TestEntries>
    <TestEntry testId="5519aed1-5ae7-a693-060c-dd4ba0fb1c0a" executionId="8d1375f5-81b0-4e01-8fea-4555a4fa26e6" testListId="8c84fa94-04c1-424b-9868-57a2d4851a1d" />
  </TestEntries>
  <Results>
    <UnitTestResult executionId="8d1375f5-81b0-4e01-8fea-4555a4fa26e6" testId="5519aed1-5ae7-a693-060c-dd4ba0fb1c0a" testName="PlayGameTest_Case_2" computerName="JLEYVA-TOSH" duration="00:00:00.0569628" startTime="2011-12-05T17:57:35.1528214+00:00" endTime="2011-12-05T17:57:35.8898635+00:00" testType="13cdc9d9-ddb5-4fa4-a97d-d965ccfc6d4b" outcome="Failed" testListId="8c84fa94-04c1-424b-9868-57a2d4851a1d" relativeResultsDirectory="8d1375f5-81b0-4e01-8fea-4555a4fa26e6">
      <Output>
        <ErrorInfo>
          <Message>Assert.AreEqual failed. Expected:&lt;V2 4 2 E
V1 3 5 N
&gt;. Actual:&lt;V1 3 5 N
V2 4 2 E
&gt;. </Message>
          <StackTrace>   at ConfigIt.DesertRace.Test.GameTest.PlayGameWithAssert(StringBuilder input, StringBuilder expected) in D:\John\ConfigIt\ConfigIT.Recruitment.OOPTask\src\ConfigIt.DesertRace.Test\GameTest.cs:line 77
   at ConfigIt.DesertRace.Test.GameTest.PlayGameTest_Case_2() in D:\John\ConfigIt\ConfigIT.Recruitment.OOPTask\src\ConfigIt.DesertRace.Test\GameTest.cs:line 117
</StackTrace>
        </ErrorInfo>
      </Output>
    </UnitTestResult>
  </Results>
</TestRun>