<?xml version="1.0" encoding="UTF-8"?>
<TestRun id="402bfc47-3b57-4033-8253-2c62324e6ab9" name="Jleyva@JLEYVA-TOSH 2011-12-05 18:09:06" runUser="Jleyva-TOSH\Jleyva" xmlns="http://microsoft.com/schemas/VisualStudio/TeamTest/2010">
  <TestSettings name="Default Test Settings" id="1f808731-d14f-4e5d-8763-430a33822dd2">
    <Deployment runDeploymentRoot="Jleyva_JLEYVA-TOSH 2011-12-05 18_09_06">
      <DeploymentItem filename="D:\John\ConfigIt\ConfigIT.Recruitment.OOPTask\src\ConfigIt.DesertRace.Entities\bin\Debug\ConfigIt.DesertRace.Entities.dll" />
    </Deployment>
    <Execution>
      <TestTypeSpecific />
      <AgentRule name="Execution Agents">
      </AgentRule>
    </Execution>
  </TestSettings>
  <Times creation="2011-12-05T18:09:06.9073875+00:00" queuing="2011-12-05T18:09:07.5014215+00:00" start="2011-12-05T18:09:07.5184224+00:00" finish="2011-12-05T18:09:08.2834662+00:00" />
  <ResultSummary outcome="Completed">
    <Counters total="1" executed="1" passed="1" error="0" failed="0" timeout="0" aborted="0" inconclusive="0" passedButRunAborted="0" notRunnable="0" notExecuted="0" disconnected="0" warning="0" completed="0" inProgress="0" pending="0" />
  </ResultSummary>
  <TestDefinitions>
    <UnitTest name="PlayGameTest_Case_2" storage="d:\john\configit\configit.recruitment.ooptask\src\configit.desertrace.test\bin\debug\jleyva.robotwars.test.dll" id="5519aed1-5ae7-a693-060c-dd4ba0fb1c0a">
      <Execution id="95809a37-78b3-4f04-a30a-b0b232e3e6ab" />
      <TestMethod codeBase="D:/John/ConfigIt/ConfigIT.Recruitment.OOPTask/src/ConfigIt.DesertRace.Test/bin/Debug/JLeyva.RobotWars.Test.DLL" adapterTypeName="Microsoft.VisualStudio.TestTools.TestTypes.Unit.UnitTestAdapter, Microsoft.VisualStudio.QualityTools.Tips.UnitTest.Adapter, Version=10.0.0.0, Culture=neutral, PublicKeyToken=b03f5f7f11d50a3a" className="ConfigIt.DesertRace.Test.GameTest, JLeyva.RobotWars.Test, Version=1.0.0.0, Culture=neutral, PublicKeyToken=null" name="PlayGameTest_Case_2" />
    </UnitTest>
  </TestDefinitions>
  <TestLists>
    <TestList name="Results Not in a List" id="8c84fa94-04c1-424b-9868-57a2d4851a1d" />
    <TestList name="All Loaded Results" id="19431567-8539-422a-85d7-44ee4e166bda" />
  </TestLists>
  <TestEntries>
    <TestEntry testId="5519aed1-5ae7-a693-060c-dd4ba0fb1c0a" executionId="95809a37-78b3-4f04-a30a-b0b232e3e6ab" testListId="8c84fa94-04c1-424b-9868-57a2d4851a1d" />
  </TestEntries>
  <Results>
    <UnitTestResult executionId="95809a37-78b3-4f04-a30a-b0b232e3e6ab" testId="5519aed1-5ae7-a693-060c-dd4ba0fb1c0a" testName="PlayGameTest_Case_2" computerName="JLEYVA-TOSH" duration="00:00:00.0489775" startTime="2011-12-05T18:09:07.5484241+00:00" endTime="2011-12-05T18:09:08.2664652+00:00" testType="13cdc9d9-ddb5-4fa4-a97d-d965ccfc6d4b" outcome="Passed" testListId="8c84fa94-04c1-424b-9868-57a2d4851a1d" relativeResultsDirectory="95809a37-78b3-4f04-a30a-b0b232e3e6ab">
    </UnitTestResult>
  </Results>
</TestRun>