<?xml version="1.0" encoding="UTF-8"?>
<TestRun id="cd3c6fec-dfc5-4b32-83bb-2826cde293ff" name="Jleyva@JLEYVA-TOSH 2011-12-05 17:41:32" runUser="Jleyva-TOSH\Jleyva" xmlns="http://microsoft.com/schemas/VisualStudio/TeamTest/2010">
  <TestSettings name="Default Test Settings" id="6fce3a17-3f23-43f9-a891-590e6b06d37b">
    <Deployment runDeploymentRoot="Jleyva_JLEYVA-TOSH 2011-12-05 17_41_32">
      <DeploymentItem filename="D:\John\ConfigIt\ConfigIT.Recruitment.OOPTask\src\ConfigIt.DesertRace.Entities\bin\Debug\ConfigIt.DesertRace.Entities.dll" />
    </Deployment>
    <Execution>
      <TestTypeSpecific />
      <AgentRule name="Execution Agents">
      </AgentRule>
    </Execution>
  </TestSettings>
  <Times creation="2011-12-05T17:41:32.2537467+00:00" queuing="2011-12-05T17:41:34.6428834+00:00" start="2011-12-05T17:41:35.0379059+00:00" finish="2011-12-05T17:41:37.8790685+00:00" />
  <ResultSummary outcome="Completed">
    <Counters total="1" executed="1" passed="1" error="0" failed="0" timeout="0" aborted="0" inconclusive="0" passedButRunAborted="0" notRunnable="0" notExecuted="0" disconnected="0" warning="0" completed="0" inProgress="0" pending="0" />
  </ResultSummary>
  <TestDefinitions>
    <UnitTest name="ExecCommand_Left_E" storage="d:\john\configit\configit.recruitment.ooptask\src\configit.desertrace.test\bin\debug\jleyva.robotwars.test.dll" id="e15f4ca3-6342-307f-7815-641c5f03e872">
      <TestCategory>
        <TestCategoryItem TestCategory="Vehicle Direction" />
      </TestCategory>
      <Execution id="634afca5-6e97-4712-9a75-9c0d18019b97" />
      <TestMethod codeBase="D:/John/ConfigIt/ConfigIT.Recruitment.OOPTask/src/ConfigIt.DesertRace.Test/bin/Debug/JLeyva.RobotWars.Test.DLL" adapterTypeName="Microsoft.VisualStudio.TestTools.TestTypes.Unit.UnitTestAdapter, Microsoft.VisualStudio.QualityTools.Tips.UnitTest.Adapter, Version=10.0.0.0, Culture=neutral, PublicKeyToken=b03f5f7f11d50a3a" className="ConfigIt.DesertRace.Test.VehicleTest, JLeyva.RobotWars.Test, Version=1.0.0.0, Culture=neutral, PublicKeyToken=null" name="ExecCommand_Left_E" />
    </UnitTest>
  </TestDefinitions>
  <TestLists>
    <TestList name="Results Not in a List" id="8c84fa94-04c1-424b-9868-57a2d4851a1d" />
    <TestList name="All Loaded Results" id="19431567-8539-422a-85d7-44ee4e166bda" />
  </TestLists>
  <TestEntries>
    <TestEntry testId="e15f4ca3-6342-307f-7815-641c5f03e872" executionId="634afca5-6e97-4712-9a75-9c0d18019b97" testListId="8c84fa94-04c1-424b-9868-57a2d4851a1d" />
  </TestEntries>
  <Results>
    <UnitTestResult executionId="634afca5-6e97-4712-9a75-9c0d18019b97" testId="e15f4ca3-6342-307f-7815-641c5f03e872" testName="ExecCommand_Left_E" computerName="JLEYVA-TOSH" duration="00:00:00.0329483" startTime="2011-12-05T17:41:35.3289226+00:00" endTime="2011-12-05T17:41:37.6800571+00:00" testType="13cdc9d9-ddb5-4fa4-a97d-d965ccfc6d4b" outcome="Passed" testListId="8c84fa94-04c1-424b-9868-57a2d4851a1d" relativeResultsDirectory="634afca5-6e97-4712-9a75-9c0d18019b97">
    </UnitTestResult>
  </Results>
</TestRun>